<<<<<<< HEAD
2025-07-28 10:07:11,175 INFO: DEBUG (get_my_menu_items): Found and returning 6 menu items. [in C:\mindai\backend\routes\admin_routes.py:83]
2025-07-28 10:07:13,463 INFO: DEBUG (get_my_menu_items): API called. Attempting to find menus for roles: ['관리자'] [in C:\mindai\backend\routes\admin_routes.py:57]
2025-07-28 10:07:13,466 INFO: DEBUG (get_my_menu_items): Found and returning 6 menu items. [in C:\mindai\backend\routes\admin_routes.py:83]
2025-07-28 10:07:14,653 INFO: DEBUG (get_my_menu_items): API called. Attempting to find menus for roles: ['관리자'] [in C:\mindai\backend\routes\admin_routes.py:57]
2025-07-28 10:07:14,655 INFO: DEBUG (get_my_menu_items): Found and returning 6 menu items. [in C:\mindai\backend\routes\admin_routes.py:83]
2025-07-28 10:07:17,397 INFO: DEBUG (get_my_menu_items): API called. Attempting to find menus for roles: ['관리자'] [in C:\mindai\backend\routes\admin_routes.py:57]
2025-07-28 10:07:17,402 INFO: DEBUG (get_my_menu_items): Found and returning 6 menu items. [in C:\mindai\backend\routes\admin_routes.py:83]
2025-07-28 10:08:20,049 INFO: DEBUG (get_my_menu_items): API called. Attempting to find menus for roles: ['관리자'] [in C:\mindai\backend\routes\admin_routes.py:57]
2025-07-28 10:08:20,051 INFO: DEBUG (get_my_menu_items): Found and returning 6 menu items. [in C:\mindai\backend\routes\admin_routes.py:83]
2025-07-28 10:08:21,777 INFO: DEBUG (get_my_menu_items): API called. Attempting to find menus for roles: ['관리자'] [in C:\mindai\backend\routes\admin_routes.py:57]
2025-07-28 10:08:21,782 INFO: DEBUG (get_my_menu_items): Found and returning 6 menu items. [in C:\mindai\backend\routes\admin_routes.py:83]
2025-07-28 10:08:23,172 INFO: DEBUG (get_my_menu_items): API called. Attempting to find menus for roles: ['관리자'] [in C:\mindai\backend\routes\admin_routes.py:57]
2025-07-28 10:08:23,175 INFO: DEBUG (get_my_menu_items): Found and returning 6 menu items. [in C:\mindai\backend\routes\admin_routes.py:83]
2025-07-28 10:08:24,129 INFO: DEBUG (get_my_menu_items): API called. Attempting to find menus for roles: ['관리자'] [in C:\mindai\backend\routes\admin_routes.py:57]
2025-07-28 10:08:24,133 INFO: DEBUG (get_my_menu_items): Found and returning 6 menu items. [in C:\mindai\backend\routes\admin_routes.py:83]
2025-07-28 10:08:26,585 INFO: ADMIN_ROUTES: Attempting to fetch menu configs for role ID: 5 [in C:\mindai\backend\routes\admin_routes.py:213]
2025-07-28 10:08:26,586 INFO: ADMIN_ROUTES: Fetching menu configs for role_name: 개발자 (ID: 5) [in C:\mindai\backend\routes\admin_routes.py:222]
2025-07-28 10:08:26,587 INFO: ADMIN_ROUTES: Found 7 menu IDs for role 개발자. [in C:\mindai\backend\routes\admin_routes.py:233]
2025-07-28 10:08:29,841 INFO: ADMIN_ROUTES: Attempting to fetch menu configs for role ID: 7 [in C:\mindai\backend\routes\admin_routes.py:213]
2025-07-28 10:08:29,841 INFO: ADMIN_ROUTES: Fetching menu configs for role_name: 관리자 (ID: 7) [in C:\mindai\backend\routes\admin_routes.py:222]
2025-07-28 10:08:29,842 INFO: ADMIN_ROUTES: Found 6 menu IDs for role 관리자. [in C:\mindai\backend\routes\admin_routes.py:233]
2025-07-28 10:08:44,674 INFO: ADMIN_ROUTES: Attempting to fetch menu configs for role ID: 4 [in C:\mindai\backend\routes\admin_routes.py:213]
2025-07-28 10:08:44,675 INFO: ADMIN_ROUTES: Fetching menu configs for role_name: 모더레이터 (ID: 4) [in C:\mindai\backend\routes\admin_routes.py:222]
2025-07-28 10:08:44,677 INFO: ADMIN_ROUTES: No menu assignment found for role: 모더레이터. Returning empty list. [in C:\mindai\backend\routes\admin_routes.py:229]
2025-07-28 10:08:47,210 INFO: ADMIN_ROUTES: Attempting to fetch menu configs for role ID: 8 [in C:\mindai\backend\routes\admin_routes.py:213]
2025-07-28 10:08:47,212 INFO: ADMIN_ROUTES: Fetching menu configs for role_name: 모든 사용자 (ID: 8) [in C:\mindai\backend\routes\admin_routes.py:222]
2025-07-28 10:08:47,213 INFO: ADMIN_ROUTES: No menu assignment found for role: 모든 사용자. Returning empty list. [in C:\mindai\backend\routes\admin_routes.py:229]
2025-07-28 10:08:48,775 INFO: ADMIN_ROUTES: Attempting to fetch menu configs for role ID: 2 [in C:\mindai\backend\routes\admin_routes.py:213]
2025-07-28 10:08:48,776 INFO: ADMIN_ROUTES: Fetching menu configs for role_name: 운영자 (ID: 2) [in C:\mindai\backend\routes\admin_routes.py:222]
2025-07-28 10:08:48,777 INFO: ADMIN_ROUTES: Found 7 menu IDs for role 운영자. [in C:\mindai\backend\routes\admin_routes.py:233]
2025-07-28 10:08:50,291 INFO: ADMIN_ROUTES: Attempting to fetch menu configs for role ID: 1 [in C:\mindai\backend\routes\admin_routes.py:213]
2025-07-28 10:08:50,294 INFO: ADMIN_ROUTES: Fetching menu configs for role_name: 일반 사용자 (ID: 1) [in C:\mindai\backend\routes\admin_routes.py:222]
2025-07-28 10:08:50,295 INFO: ADMIN_ROUTES: Found 5 menu IDs for role 일반 사용자. [in C:\mindai\backend\routes\admin_routes.py:233]
2025-07-28 10:10:49,403 INFO: DEBUG (get_my_menu_items): API called. Attempting to find menus for roles: ['관리자'] [in C:\mindai\backend\routes\admin_routes.py:57]
2025-07-28 10:10:49,405 INFO: DEBUG (get_my_menu_items): Found and returning 6 menu items. [in C:\mindai\backend\routes\admin_routes.py:83]
2025-07-28 10:10:50,773 INFO: DEBUG (get_my_menu_items): API called. Attempting to find menus for roles: ['관리자'] [in C:\mindai\backend\routes\admin_routes.py:57]
2025-07-28 10:10:50,780 INFO: DEBUG (get_my_menu_items): Found and returning 6 menu items. [in C:\mindai\backend\routes\admin_routes.py:83]
2025-07-28 10:11:21,362 INFO: DEBUG (get_my_menu_items): API called. Attempting to find menus for roles: ['관리자'] [in C:\mindai\backend\routes\admin_routes.py:57]
2025-07-28 10:11:21,364 INFO: DEBUG (get_my_menu_items): Found and returning 6 menu items. [in C:\mindai\backend\routes\admin_routes.py:83]
2025-07-28 10:11:24,564 INFO: DEBUG (get_my_menu_items): API called. Attempting to find menus for roles: ['관리자'] [in C:\mindai\backend\routes\admin_routes.py:57]
2025-07-28 10:11:24,570 INFO: DEBUG (get_my_menu_items): Found and returning 6 menu items. [in C:\mindai\backend\routes\admin_routes.py:83]
2025-07-28 10:14:21,356 ERROR: An unhandled exception occurred: toggle_post_suspension() got an unexpected keyword argument 'post_id' [in C:\mindai\backend\app.py:122]
Traceback (most recent call last):
  File "C:\Users\ADsThinkCentre\AppData\Local\Programs\Python\Python310\lib\site-packages\flask\app.py", line 823, in full_dispatch_request
    rv = self.dispatch_request()
  File "C:\Users\ADsThinkCentre\AppData\Local\Programs\Python\Python310\lib\site-packages\flask\app.py", line 808, in dispatch_request
    return self.ensure_sync(self.view_functions[rule.endpoint])(**view_args)  # type: ignore[no-any-return]
  File "C:\mindai\backend\routes\auth_routes.py", line 55, in decorated
    return f(*args, **kwargs)
  File "C:\mindai\backend\routes\auth_routes.py", line 66, in decorated_function
    return f(*args, **kwargs)
TypeError: toggle_post_suspension() got an unexpected keyword argument 'post_id'
2025-07-28 10:15:49,364 INFO: DEBUG (get_my_menu_items): API called. Attempting to find menus for roles: ['관리자'] [in C:\mindai\backend\routes\admin_routes.py:57]
2025-07-28 10:15:49,368 INFO: DEBUG (get_my_menu_items): Found and returning 6 menu items. [in C:\mindai\backend\routes\admin_routes.py:83]
2025-07-28 10:15:54,614 INFO: DEBUG (get_my_menu_items): API called. Attempting to find menus for roles: ['관리자'] [in C:\mindai\backend\routes\admin_routes.py:57]
2025-07-28 10:15:54,616 INFO: DEBUG (get_my_menu_items): Found and returning 6 menu items. [in C:\mindai\backend\routes\admin_routes.py:83]
2025-07-28 10:15:55,246 INFO: DEBUG (get_my_menu_items): API called. Attempting to find menus for roles: ['관리자'] [in C:\mindai\backend\routes\admin_routes.py:57]
2025-07-28 10:15:55,249 INFO: DEBUG (get_my_menu_items): Found and returning 6 menu items. [in C:\mindai\backend\routes\admin_routes.py:83]
2025-07-28 10:15:58,152 INFO: DEBUG (get_my_menu_items): API called. Attempting to find menus for roles: ['관리자'] [in C:\mindai\backend\routes\admin_routes.py:57]
2025-07-28 10:15:58,156 INFO: DEBUG (get_my_menu_items): Found and returning 6 menu items. [in C:\mindai\backend\routes\admin_routes.py:83]
2025-07-28 10:19:05,361 INFO: DEBUG (get_my_menu_items): API called. Attempting to find menus for roles: ['관리자'] [in C:\mindai\backend\routes\admin_routes.py:57]
2025-07-28 10:19:05,365 INFO: DEBUG (get_my_menu_items): Found and returning 6 menu items. [in C:\mindai\backend\routes\admin_routes.py:83]
2025-07-28 10:19:07,841 INFO: DEBUG (get_my_menu_items): API called. Attempting to find menus for roles: ['관리자'] [in C:\mindai\backend\routes\admin_routes.py:57]
2025-07-28 10:19:07,845 INFO: DEBUG (get_my_menu_items): Found and returning 6 menu items. [in C:\mindai\backend\routes\admin_routes.py:83]
2025-07-28 10:22:32,083 INFO: Flask app created [in C:\mindai\backend\app.py:66]
2025-07-28 10:22:32,640 INFO: ADMIN UPLOAD_FOLDER already exists: C:\mindai\backend\routes\..\..\frontend\static\uploads\admin [in C:\mindai\backend\routes\admin_routes.py:25]
2025-07-28 10:23:15,190 INFO: Flask app created [in C:\mindai\backend\app.py:66]
2025-07-28 10:23:15,769 INFO: ADMIN UPLOAD_FOLDER already exists: C:\mindai\backend\routes\..\..\frontend\static\uploads\admin [in C:\mindai\backend\routes\admin_routes.py:25]
2025-07-28 10:33:38,512 INFO: Flask app created [in C:\mindai\backend\app.py:66]
2025-07-28 10:33:39,151 INFO: ADMIN UPLOAD_FOLDER already exists: C:\mindai\backend\routes\..\..\frontend\static\uploads\admin [in C:\mindai\backend\routes\admin_routes.py:25]
2025-07-28 10:36:45,380 INFO: Flask app created [in C:\mindai\backend\app.py:66]
2025-07-28 10:36:49,246 INFO: Flask app created [in C:\mindai\backend\app.py:66]
2025-07-28 10:36:49,764 INFO: ADMIN UPLOAD_FOLDER already exists: C:\mindai\backend\routes\..\..\frontend\static\uploads\admin [in C:\mindai\backend\routes\admin_routes.py:25]
=======
2025-07-28 10:07:11,175 INFO: DEBUG (get_my_menu_items): Found and returning 6 menu items. [in C:\mindai\backend\routes\admin_routes.py:83]
2025-07-28 10:07:13,463 INFO: DEBUG (get_my_menu_items): API called. Attempting to find menus for roles: ['관리자'] [in C:\mindai\backend\routes\admin_routes.py:57]
2025-07-28 10:07:13,466 INFO: DEBUG (get_my_menu_items): Found and returning 6 menu items. [in C:\mindai\backend\routes\admin_routes.py:83]
2025-07-28 10:07:14,653 INFO: DEBUG (get_my_menu_items): API called. Attempting to find menus for roles: ['관리자'] [in C:\mindai\backend\routes\admin_routes.py:57]
2025-07-28 10:07:14,655 INFO: DEBUG (get_my_menu_items): Found and returning 6 menu items. [in C:\mindai\backend\routes\admin_routes.py:83]
2025-07-28 10:07:17,397 INFO: DEBUG (get_my_menu_items): API called. Attempting to find menus for roles: ['관리자'] [in C:\mindai\backend\routes\admin_routes.py:57]
2025-07-28 10:07:17,402 INFO: DEBUG (get_my_menu_items): Found and returning 6 menu items. [in C:\mindai\backend\routes\admin_routes.py:83]
2025-07-28 10:08:20,049 INFO: DEBUG (get_my_menu_items): API called. Attempting to find menus for roles: ['관리자'] [in C:\mindai\backend\routes\admin_routes.py:57]
2025-07-28 10:08:20,051 INFO: DEBUG (get_my_menu_items): Found and returning 6 menu items. [in C:\mindai\backend\routes\admin_routes.py:83]
2025-07-28 10:08:21,777 INFO: DEBUG (get_my_menu_items): API called. Attempting to find menus for roles: ['관리자'] [in C:\mindai\backend\routes\admin_routes.py:57]
2025-07-28 10:08:21,782 INFO: DEBUG (get_my_menu_items): Found and returning 6 menu items. [in C:\mindai\backend\routes\admin_routes.py:83]
2025-07-28 10:08:23,172 INFO: DEBUG (get_my_menu_items): API called. Attempting to find menus for roles: ['관리자'] [in C:\mindai\backend\routes\admin_routes.py:57]
2025-07-28 10:08:23,175 INFO: DEBUG (get_my_menu_items): Found and returning 6 menu items. [in C:\mindai\backend\routes\admin_routes.py:83]
2025-07-28 10:08:24,129 INFO: DEBUG (get_my_menu_items): API called. Attempting to find menus for roles: ['관리자'] [in C:\mindai\backend\routes\admin_routes.py:57]
2025-07-28 10:08:24,133 INFO: DEBUG (get_my_menu_items): Found and returning 6 menu items. [in C:\mindai\backend\routes\admin_routes.py:83]
2025-07-28 10:08:26,585 INFO: ADMIN_ROUTES: Attempting to fetch menu configs for role ID: 5 [in C:\mindai\backend\routes\admin_routes.py:213]
2025-07-28 10:08:26,586 INFO: ADMIN_ROUTES: Fetching menu configs for role_name: 개발자 (ID: 5) [in C:\mindai\backend\routes\admin_routes.py:222]
2025-07-28 10:08:26,587 INFO: ADMIN_ROUTES: Found 7 menu IDs for role 개발자. [in C:\mindai\backend\routes\admin_routes.py:233]
2025-07-28 10:08:29,841 INFO: ADMIN_ROUTES: Attempting to fetch menu configs for role ID: 7 [in C:\mindai\backend\routes\admin_routes.py:213]
2025-07-28 10:08:29,841 INFO: ADMIN_ROUTES: Fetching menu configs for role_name: 관리자 (ID: 7) [in C:\mindai\backend\routes\admin_routes.py:222]
2025-07-28 10:08:29,842 INFO: ADMIN_ROUTES: Found 6 menu IDs for role 관리자. [in C:\mindai\backend\routes\admin_routes.py:233]
2025-07-28 10:08:44,674 INFO: ADMIN_ROUTES: Attempting to fetch menu configs for role ID: 4 [in C:\mindai\backend\routes\admin_routes.py:213]
2025-07-28 10:08:44,675 INFO: ADMIN_ROUTES: Fetching menu configs for role_name: 모더레이터 (ID: 4) [in C:\mindai\backend\routes\admin_routes.py:222]
2025-07-28 10:08:44,677 INFO: ADMIN_ROUTES: No menu assignment found for role: 모더레이터. Returning empty list. [in C:\mindai\backend\routes\admin_routes.py:229]
2025-07-28 10:08:47,210 INFO: ADMIN_ROUTES: Attempting to fetch menu configs for role ID: 8 [in C:\mindai\backend\routes\admin_routes.py:213]
2025-07-28 10:08:47,212 INFO: ADMIN_ROUTES: Fetching menu configs for role_name: 모든 사용자 (ID: 8) [in C:\mindai\backend\routes\admin_routes.py:222]
2025-07-28 10:08:47,213 INFO: ADMIN_ROUTES: No menu assignment found for role: 모든 사용자. Returning empty list. [in C:\mindai\backend\routes\admin_routes.py:229]
2025-07-28 10:08:48,775 INFO: ADMIN_ROUTES: Attempting to fetch menu configs for role ID: 2 [in C:\mindai\backend\routes\admin_routes.py:213]
2025-07-28 10:08:48,776 INFO: ADMIN_ROUTES: Fetching menu configs for role_name: 운영자 (ID: 2) [in C:\mindai\backend\routes\admin_routes.py:222]
2025-07-28 10:08:48,777 INFO: ADMIN_ROUTES: Found 7 menu IDs for role 운영자. [in C:\mindai\backend\routes\admin_routes.py:233]
2025-07-28 10:08:50,291 INFO: ADMIN_ROUTES: Attempting to fetch menu configs for role ID: 1 [in C:\mindai\backend\routes\admin_routes.py:213]
2025-07-28 10:08:50,294 INFO: ADMIN_ROUTES: Fetching menu configs for role_name: 일반 사용자 (ID: 1) [in C:\mindai\backend\routes\admin_routes.py:222]
2025-07-28 10:08:50,295 INFO: ADMIN_ROUTES: Found 5 menu IDs for role 일반 사용자. [in C:\mindai\backend\routes\admin_routes.py:233]
2025-07-28 10:10:49,403 INFO: DEBUG (get_my_menu_items): API called. Attempting to find menus for roles: ['관리자'] [in C:\mindai\backend\routes\admin_routes.py:57]
2025-07-28 10:10:49,405 INFO: DEBUG (get_my_menu_items): Found and returning 6 menu items. [in C:\mindai\backend\routes\admin_routes.py:83]
2025-07-28 10:10:50,773 INFO: DEBUG (get_my_menu_items): API called. Attempting to find menus for roles: ['관리자'] [in C:\mindai\backend\routes\admin_routes.py:57]
2025-07-28 10:10:50,780 INFO: DEBUG (get_my_menu_items): Found and returning 6 menu items. [in C:\mindai\backend\routes\admin_routes.py:83]
2025-07-28 10:11:21,362 INFO: DEBUG (get_my_menu_items): API called. Attempting to find menus for roles: ['관리자'] [in C:\mindai\backend\routes\admin_routes.py:57]
2025-07-28 10:11:21,364 INFO: DEBUG (get_my_menu_items): Found and returning 6 menu items. [in C:\mindai\backend\routes\admin_routes.py:83]
2025-07-28 10:11:24,564 INFO: DEBUG (get_my_menu_items): API called. Attempting to find menus for roles: ['관리자'] [in C:\mindai\backend\routes\admin_routes.py:57]
2025-07-28 10:11:24,570 INFO: DEBUG (get_my_menu_items): Found and returning 6 menu items. [in C:\mindai\backend\routes\admin_routes.py:83]
2025-07-28 10:14:21,356 ERROR: An unhandled exception occurred: toggle_post_suspension() got an unexpected keyword argument 'post_id' [in C:\mindai\backend\app.py:122]
Traceback (most recent call last):
  File "C:\Users\ADsThinkCentre\AppData\Local\Programs\Python\Python310\lib\site-packages\flask\app.py", line 823, in full_dispatch_request
    rv = self.dispatch_request()
  File "C:\Users\ADsThinkCentre\AppData\Local\Programs\Python\Python310\lib\site-packages\flask\app.py", line 808, in dispatch_request
    return self.ensure_sync(self.view_functions[rule.endpoint])(**view_args)  # type: ignore[no-any-return]
  File "C:\mindai\backend\routes\auth_routes.py", line 55, in decorated
    return f(*args, **kwargs)
  File "C:\mindai\backend\routes\auth_routes.py", line 66, in decorated_function
    return f(*args, **kwargs)
TypeError: toggle_post_suspension() got an unexpected keyword argument 'post_id'
2025-07-28 10:15:49,364 INFO: DEBUG (get_my_menu_items): API called. Attempting to find menus for roles: ['관리자'] [in C:\mindai\backend\routes\admin_routes.py:57]
2025-07-28 10:15:49,368 INFO: DEBUG (get_my_menu_items): Found and returning 6 menu items. [in C:\mindai\backend\routes\admin_routes.py:83]
2025-07-28 10:15:54,614 INFO: DEBUG (get_my_menu_items): API called. Attempting to find menus for roles: ['관리자'] [in C:\mindai\backend\routes\admin_routes.py:57]
2025-07-28 10:15:54,616 INFO: DEBUG (get_my_menu_items): Found and returning 6 menu items. [in C:\mindai\backend\routes\admin_routes.py:83]
2025-07-28 10:15:55,246 INFO: DEBUG (get_my_menu_items): API called. Attempting to find menus for roles: ['관리자'] [in C:\mindai\backend\routes\admin_routes.py:57]
2025-07-28 10:15:55,249 INFO: DEBUG (get_my_menu_items): Found and returning 6 menu items. [in C:\mindai\backend\routes\admin_routes.py:83]
2025-07-28 10:15:58,152 INFO: DEBUG (get_my_menu_items): API called. Attempting to find menus for roles: ['관리자'] [in C:\mindai\backend\routes\admin_routes.py:57]
2025-07-28 10:15:58,156 INFO: DEBUG (get_my_menu_items): Found and returning 6 menu items. [in C:\mindai\backend\routes\admin_routes.py:83]
2025-07-28 10:19:05,361 INFO: DEBUG (get_my_menu_items): API called. Attempting to find menus for roles: ['관리자'] [in C:\mindai\backend\routes\admin_routes.py:57]
2025-07-28 10:19:05,365 INFO: DEBUG (get_my_menu_items): Found and returning 6 menu items. [in C:\mindai\backend\routes\admin_routes.py:83]
2025-07-28 10:19:07,841 INFO: DEBUG (get_my_menu_items): API called. Attempting to find menus for roles: ['관리자'] [in C:\mindai\backend\routes\admin_routes.py:57]
2025-07-28 10:19:07,845 INFO: DEBUG (get_my_menu_items): Found and returning 6 menu items. [in C:\mindai\backend\routes\admin_routes.py:83]
2025-07-28 10:22:32,083 INFO: Flask app created [in C:\mindai\backend\app.py:66]
2025-07-28 10:22:32,640 INFO: ADMIN UPLOAD_FOLDER already exists: C:\mindai\backend\routes\..\..\frontend\static\uploads\admin [in C:\mindai\backend\routes\admin_routes.py:25]
2025-07-28 10:23:15,190 INFO: Flask app created [in C:\mindai\backend\app.py:66]
2025-07-28 10:23:15,769 INFO: ADMIN UPLOAD_FOLDER already exists: C:\mindai\backend\routes\..\..\frontend\static\uploads\admin [in C:\mindai\backend\routes\admin_routes.py:25]
2025-07-28 10:33:38,512 INFO: Flask app created [in C:\mindai\backend\app.py:66]
2025-07-28 10:33:39,151 INFO: ADMIN UPLOAD_FOLDER already exists: C:\mindai\backend\routes\..\..\frontend\static\uploads\admin [in C:\mindai\backend\routes\admin_routes.py:25]
2025-07-28 10:36:45,380 INFO: Flask app created [in C:\mindai\backend\app.py:66]
2025-07-28 10:36:49,246 INFO: Flask app created [in C:\mindai\backend\app.py:66]
2025-07-28 10:36:49,764 INFO: ADMIN UPLOAD_FOLDER already exists: C:\mindai\backend\routes\..\..\frontend\static\uploads\admin [in C:\mindai\backend\routes\admin_routes.py:25]
>>>>>>> 32e57f7623365b93a09d34dc9cad501cc18c11af
